<?xml version="1.0" encoding="UTF-8"?>
<!-- Generated by org.testng.reporters.JUnitReportReporter -->
<testsuite hostname="DESKTOP-BF12S4B" failures="0" tests="1" name="Programs.WAPtoPrintonetohundreedPrimeNumbers" time="0.010" errors="0" timestamp="2024-07-19T12:50:10 IST" skipped="0">
  <testcase classname="Programs.WAPtoPrintonetohundreedPrimeNumbers" name="test1" time="0.010"/>
</testsuite> <!-- Programs.WAPtoPrintonetohundreedPrimeNumbers -->
